#
# There is insufficient memory for the Java Runtime Environment to continue.
# Native memory allocation (mmap) failed to map 32505856 bytes for committing reserved memory.
# Possible reasons:
#   The system is out of physical RAM or swap space
#   The process is running with CompressedOops enabled, and the Java Heap may be blocking the growth of the native heap
# Possible solutions:
#   Reduce memory load on the system
#   Increase physical memory or swap space
#   Check if swap backing store is full
#   Decrease Java heap size (-Xmx/-Xms)
#   Decrease number of Java threads
#   Decrease Java thread stack sizes (-Xss)
#   Set larger code cache with -XX:ReservedCodeCacheSize=
#   JVM is running with Unscaled Compressed Oops mode in which the Java heap is
#     placed in the first 4GB address space. The Java Heap base address is the
#     maximum limit for the native heap growth. Please use -XX:HeapBaseMinAddress
#     to set the Java Heap base and to place the Java Heap above 4GB virtual address.
# This output file may be truncated or incomplete.
#
#  Out of Memory Error (os_linux.cpp:2756), pid=21120, tid=0x00007f39505c5700
#
# JRE version: OpenJDK Runtime Environment (8.0_212-b03) (build 1.8.0_212-8u212-b03-0ubuntu1.18.04.1-b03)
# Java VM: OpenJDK 64-Bit Server VM (25.212-b03 mixed mode linux-amd64 compressed oops)
# Failed to write core dump. Core dumps have been disabled. To enable core dumping, try "ulimit -c unlimited" before starting Java again
#

---------------  T H R E A D  ---------------

Current thread (0x00007f3960075000):  VMThread [stack: 0x00007f39504c6000,0x00007f39505c6000] [id=21128]

Stack: [0x00007f39504c6000,0x00007f39505c6000],  sp=0x00007f39505c44a0,  free space=1017k
Native frames: (J=compiled Java code, j=interpreted, Vv=VM code, C=native code)
V  [libjvm.so+0xab46a2]
V  [libjvm.so+0x4db6b7]
V  [libjvm.so+0x8ef7b0]
V  [libjvm.so+0x8e68ce]
V  [libjvm.so+0x96a406]
V  [libjvm.so+0x96b778]
V  [libjvm.so+0x967d76]
V  [libjvm.so+0x96810c]
V  [libjvm.so+0x916928]
V  [libjvm.so+0xab6372]
V  [libjvm.so+0xabaea6]
V  [libjvm.so+0xab91e5]
V  [libjvm.so+0xab9abd]
V  [libjvm.so+0xab9e97]
V  [libjvm.so+0x8ecb42]

VM_Operation (0x00007f3968c22800): ParallelGCFailedAllocation, mode: safepoint, requested by thread 0x00007f396000b000


---------------  P R O C E S S  ---------------

Java Threads: ( => current thread )
  0x00007f39600bd000 JavaThread "Service Thread" daemon [_thread_blocked, id=21134, stack(0x00007f3949ba9000,0x00007f3949caa000)]
  0x00007f39600ba000 JavaThread "C1 CompilerThread1" daemon [_thread_blocked, id=21133, stack(0x00007f3949cab000,0x00007f3949dab000)]
  0x00007f39600b7800 JavaThread "C2 CompilerThread0" daemon [_thread_blocked, id=21132, stack(0x00007f3949dac000,0x00007f3949eac000)]
  0x00007f39600b6000 JavaThread "Signal Dispatcher" daemon [_thread_blocked, id=21131, stack(0x00007f3949eac000,0x00007f3949fad000)]
  0x00007f3960081000 JavaThread "Finalizer" daemon [_thread_blocked, id=21130, stack(0x00007f39502c3000,0x00007f39503c4000)]
  0x00007f396007e800 JavaThread "Reference Handler" daemon [_thread_blocked, id=21129, stack(0x00007f39503c4000,0x00007f39504c5000)]
  0x00007f396000b000 JavaThread "main" [_thread_blocked, id=21125, stack(0x00007f3968b24000,0x00007f3968c24000)]

Other Threads:
=>0x00007f3960075000 VMThread [stack: 0x00007f39504c6000,0x00007f39505c6000] [id=21128]
  0x00007f39600bf800 WatcherThread [stack: 0x00007f3949aa9000,0x00007f3949ba9000] [id=21135]

VM state:at safepoint (normal execution)

VM Mutex/Monitor currently owned by a thread:  ([mutex/lock_event])
[0x00007f3960007bd0] Threads_lock - owner thread: 0x00007f3960075000
[0x00007f39600080d0] Heap_lock - owner thread: 0x00007f396000b000

heap address: 0x00000000c2400000, size: 988 MB, Compressed Oops mode: 32-bit
Narrow klass base: 0x0000000000000000, Narrow klass shift: 3
Compressed class space size: 1073741824 Address: 0x0000000100000000

Heap:
 PSYoungGen      total 34304K, used 2544K [0x00000000eb700000, 0x00000000edb00000, 0x0000000100000000)
  eden space 31744K, 0% used [0x00000000eb700000,0x00000000eb700000,0x00000000ed600000)
  from space 2560K, 99% used [0x00000000ed600000,0x00000000ed87c010,0x00000000ed880000)
  to   space 2560K, 0% used [0x00000000ed880000,0x00000000ed880000,0x00000000edb00000)
 ParOldGen       total 47104K, used 47079K [0x00000000c2400000, 0x00000000c5200000, 0x00000000eb700000)
  object space 47104K, 99% used [0x00000000c2400000,0x00000000c51f9d70,0x00000000c5200000)
 Metaspace       used 2543K, capacity 4490K, committed 4864K, reserved 1056768K
  class space    used 267K, capacity 386K, committed 512K, reserved 1048576K

Card table byte_map: [0x00007f3964ecb000,0x00007f39650ba000] byte_map_base: 0x00007f39648b9000

Marking Bits: (ParMarkBitMap*) 0x00007f3967db83c0
 Begin Bits: [0x00007f394a120000, 0x00007f394b090000)
 End Bits:   [0x00007f394b090000, 0x00007f394c000000)

Polling page: 0x00007f3968c39000

CodeCache: size=245760Kb used=1107Kb max_used=1110Kb free=244652Kb
 bounds [0x00007f3951000000, 0x00007f3951270000, 0x00007f3960000000]
 total_blobs=259 nmethods=26 adapters=149
 compilation: enabled

Compilation events (10 events):
Event: 0.366 Thread 0x00007f39600b7800   22       4       java.util.ArrayList::add (29 bytes)
Event: 0.373 Thread 0x00007f39600b7800 nmethod 22 0x00007f3951113c10 code [0x00007f3951113d80, 0x00007f3951113f08]
Event: 0.373 Thread 0x00007f39600b7800   23       4       Circle::<init> (10 bytes)
Event: 0.373 Thread 0x00007f39600b7800 nmethod 23 0x00007f39511140d0 code [0x00007f3951114220, 0x00007f3951114278]
Event: 0.407 Thread 0x00007f39600ba000   24 %     3       CircleApp::main @ 15 (88 bytes)
Event: 0.407 Thread 0x00007f39600ba000 nmethod 24% 0x00007f3951112790 code [0x00007f3951112a00, 0x00007f3951113608]
Event: 0.408 Thread 0x00007f39600ba000   25       3       CircleApp::main (88 bytes)
Event: 0.408 Thread 0x00007f39600ba000 nmethod 25 0x00007f39511142d0 code [0x00007f39511145a0, 0x00007f3951115528]
Event: 0.414 Thread 0x00007f39600b7800   26 %     4       CircleApp::main @ 15 (88 bytes)
Event: 0.421 Thread 0x00007f39600b7800 nmethod 26% 0x00007f3951111050 code [0x00007f3951111200, 0x00007f3951111528]

GC Heap History (5 events):
Event: 0.449 GC heap before
{Heap before GC invocations=1 (full 0):
 PSYoungGen      total 18432K, used 15872K [0x00000000eb700000, 0x00000000ecb80000, 0x0000000100000000)
  eden space 15872K, 100% used [0x00000000eb700000,0x00000000ec680000,0x00000000ec680000)
  from space 2560K, 0% used [0x00000000ec900000,0x00000000ec900000,0x00000000ecb80000)
  to   space 2560K, 0% used [0x00000000ec680000,0x00000000ec680000,0x00000000ec900000)
 ParOldGen       total 42496K, used 0K [0x00000000c2400000, 0x00000000c4d80000, 0x00000000eb700000)
  object space 42496K, 0% used [0x00000000c2400000,0x00000000c2400000,0x00000000c4d80000)
 Metaspace       used 2543K, capacity 4490K, committed 4864K, reserved 1056768K
  class space    used 267K, capacity 386K, committed 512K, reserved 1048576K
Event: 0.503 GC heap after
Heap after GC invocations=1 (full 0):
 PSYoungGen      total 18432K, used 2542K [0x00000000eb700000, 0x00000000edb00000, 0x0000000100000000)
  eden space 15872K, 0% used [0x00000000eb700000,0x00000000eb700000,0x00000000ec680000)
  from space 2560K, 99% used [0x00000000ec680000,0x00000000ec8fb908,0x00000000ec900000)
  to   space 2560K, 0% used [0x00000000ed880000,0x00000000ed880000,0x00000000edb00000)
 ParOldGen       total 42496K, used 9040K [0x00000000c2400000, 0x00000000c4d80000, 0x00000000eb700000)
  object space 42496K, 21% used [0x00000000c2400000,0x00000000c2cd4000,0x00000000c4d80000)
 Metaspace       used 2543K, capacity 4490K, committed 4864K, reserved 1056768K
  class space    used 267K, capacity 386K, committed 512K, reserved 1048576K
}
Event: 0.519 GC heap before
{Heap before GC invocations=2 (full 0):
 PSYoungGen      total 18432K, used 15866K [0x00000000eb700000, 0x00000000edb00000, 0x0000000100000000)
  eden space 15872K, 83% used [0x00000000eb700000,0x00000000ec402f80,0x00000000ec680000)
  from space 2560K, 99% used [0x00000000ec680000,0x00000000ec8fb908,0x00000000ec900000)
  to   space 2560K, 0% used [0x00000000ed880000,0x00000000ed880000,0x00000000edb00000)
 ParOldGen       total 42496K, used 9040K [0x00000000c2400000, 0x00000000c4d80000, 0x00000000eb700000)
  object space 42496K, 21% used [0x00000000c2400000,0x00000000c2cd4000,0x00000000c4d80000)
 Metaspace       used 2543K, capacity 4490K, committed 4864K, reserved 1056768K
  class space    used 267K, capacity 386K, committed 512K, reserved 1048576K
Event: 0.596 GC heap after
Heap after GC invocations=2 (full 0):
 PSYoungGen      total 34304K, used 2528K [0x00000000eb700000, 0x00000000edb00000, 0x0000000100000000)
  eden space 31744K, 0% used [0x00000000eb700000,0x00000000eb700000,0x00000000ed600000)
  from space 2560K, 98% used [0x00000000ed880000,0x00000000edaf8020,0x00000000edb00000)
  to   space 2560K, 0% used [0x00000000ed600000,0x00000000ed600000,0x00000000ed880000)
 ParOldGen       total 42496K, used 19997K [0x00000000c2400000, 0x00000000c4d80000, 0x00000000eb700000)
  object space 42496K, 47% used [0x00000000c2400000,0x00000000c3787568,0x00000000c4d80000)
 Metaspace       used 2543K, capacity 4490K, committed 4864K, reserved 1056768K
  class space    used 267K, capacity 386K, committed 512K, reserved 1048576K
}
Event: 0.664 GC heap before
{Heap before GC invocations=3 (full 0):
 PSYoungGen      total 34304K, used 34272K [0x00000000eb700000, 0x00000000edb00000, 0x0000000100000000)
  eden space 31744K, 100% used [0x00000000eb700000,0x00000000ed600000,0x00000000ed600000)
  from space 2560K, 98% used [0x00000000ed880000,0x00000000edaf8020,0x00000000edb00000)
  to   space 2560K, 0% used [0x00000000ed600000,0x00000000ed600000,0x00000000ed880000)
 ParOldGen       total 42496K, used 19997K [0x00000000c2400000, 0x00000000c4d80000, 0x00000000eb700000)
  object space 42496K, 47% used [0x00000000c2400000,0x00000000c3787568,0x00000000c4d80000)
 Metaspace       used 2543K, capacity 4490K, committed 4864K, reserved 1056768K
  class space    used 267K, capacity 386K, committed 512K, reserved 1048576K

Deoptimization events (0 events):
No events

Classes redefined (0 events):
No events

Internal exceptions (5 events):
Event: 0.115 Thread 0x00007f396000b000 Exception <a 'java/lang/NoSuchMethodError': Method sun.misc.Unsafe.defineClass(Ljava/lang/String;[BII)Ljava/lang/Class; name or signature does not match> (0x00000000eb707cb0) thrown at [/build/openjdk-8-fPix8r/openjdk-8-8u212-b03/src/hotspot/src/share/vm/
Event: 0.115 Thread 0x00007f396000b000 Exception <a 'java/lang/NoSuchMethodError': Method sun.misc.Unsafe.prefetchRead(Ljava/lang/Object;J)V name or signature does not match> (0x00000000eb707f98) thrown at [/build/openjdk-8-fPix8r/openjdk-8-8u212-b03/src/hotspot/src/share/vm/prims/jni.cpp, lin
Event: 0.331 Thread 0x00007f396000b000 Exception <a 'java/util/zip/ZipException'> (0x00000000eb751120) thrown at [/build/openjdk-8-fPix8r/openjdk-8-8u212-b03/src/hotspot/src/share/vm/prims/jni.cpp, line 710]
Event: 0.332 Thread 0x00007f396000b000 Exception <a 'java/security/PrivilegedActionException'> (0x00000000eb7513c0) thrown at [/build/openjdk-8-fPix8r/openjdk-8-8u212-b03/src/hotspot/src/share/vm/prims/jvm.cpp, line 1502]
Event: 0.332 Thread 0x00007f396000b000 Exception <a 'java/security/PrivilegedActionException'> (0x00000000eb7515d0) thrown at [/build/openjdk-8-fPix8r/openjdk-8-8u212-b03/src/hotspot/src/share/vm/prims/jvm.cpp, line 1502]

Events (10 events):
Event: 0.362 loading class java/util/Random done
Event: 0.362 loading class Circle
Event: 0.362 loading class Circle done
Event: 0.421 Thread 0x00007f396000b000 DEOPT PACKING pc=0x00007f395111348e sp=0x00007f3968c228d0
Event: 0.421 Thread 0x00007f396000b000 DEOPT UNPACKING pc=0x00007f39510474c4 sp=0x00007f3968c22688 mode 0
Event: 0.449 Executing VM operation: ParallelGCFailedAllocation
Event: 0.503 Executing VM operation: ParallelGCFailedAllocation done
Event: 0.519 Executing VM operation: ParallelGCFailedAllocation
Event: 0.596 Executing VM operation: ParallelGCFailedAllocation done
Event: 0.664 Executing VM operation: ParallelGCFailedAllocation


Dynamic libraries:
c2400000-c5200000 rw-p 00000000 00:00 0 
c5200000-eb700000 ---p 00000000 00:00 0 
eb700000-edb00000 rw-p 00000000 00:00 0 
efa00000-100000000 ---p 00000000 00:00 0 
100000000-100080000 rw-p 00000000 00:00 0 
100080000-140000000 ---p 00000000 00:00 0 
556fbe0a4000-556fbe0a5000 r-xp 00000000 fc:01 3109258                    /usr/lib/jvm/java-8-openjdk-amd64/jre/bin/java
556fbe2a4000-556fbe2a5000 r--p 00000000 fc:01 3109258                    /usr/lib/jvm/java-8-openjdk-amd64/jre/bin/java
556fbe2a5000-556fbe2a6000 rw-p 00001000 fc:01 3109258                    /usr/lib/jvm/java-8-openjdk-amd64/jre/bin/java
556fbef77000-556fbef98000 rw-p 00000000 00:00 0                          [heap]
7f3920000000-7f3920021000 rw-p 00000000 00:00 0 
7f3920021000-7f3924000000 ---p 00000000 00:00 0 
7f3928000000-7f3928021000 rw-p 00000000 00:00 0 
7f3928021000-7f392c000000 ---p 00000000 00:00 0 
7f392c000000-7f392c021000 rw-p 00000000 00:00 0 
7f392c021000-7f3930000000 ---p 00000000 00:00 0 
7f3930000000-7f3930021000 rw-p 00000000 00:00 0 
7f3930021000-7f3934000000 ---p 00000000 00:00 0 
7f3934000000-7f3934083000 rw-p 00000000 00:00 0 
7f3934083000-7f3938000000 ---p 00000000 00:00 0 
7f3938000000-7f3938021000 rw-p 00000000 00:00 0 
7f3938021000-7f393c000000 ---p 00000000 00:00 0 
7f393c000000-7f393c021000 rw-p 00000000 00:00 0 
7f393c021000-7f3940000000 ---p 00000000 00:00 0 
7f3940000000-7f3940021000 rw-p 00000000 00:00 0 
7f3940021000-7f3944000000 ---p 00000000 00:00 0 
7f3944000000-7f3944021000 rw-p 00000000 00:00 0 
7f3944021000-7f3948000000 ---p 00000000 00:00 0 
7f3949aa8000-7f3949aa9000 ---p 00000000 00:00 0 
7f3949aa9000-7f3949ba9000 rw-p 00000000 00:00 0 
7f3949ba9000-7f3949bac000 ---p 00000000 00:00 0 
7f3949bac000-7f3949caa000 rw-p 00000000 00:00 0 
7f3949caa000-7f3949cab000 ---p 00000000 00:00 0 
7f3949cab000-7f3949cae000 ---p 00000000 00:00 0 
7f3949cae000-7f3949dab000 rw-p 00000000 00:00 0 
7f3949dab000-7f3949dac000 ---p 00000000 00:00 0 
7f3949dac000-7f3949daf000 ---p 00000000 00:00 0 
7f3949daf000-7f3949eac000 rw-p 00000000 00:00 0 
7f3949eac000-7f3949eaf000 ---p 00000000 00:00 0 
7f3949eaf000-7f3949fad000 rw-p 00000000 00:00 0 
7f3949fad000-7f394a120000 r--p 00000000 fc:01 7808                       /usr/lib/locale/C.UTF-8/LC_COLLATE
7f394a120000-7f394c000000 rw-p 00000000 00:00 0 
7f394c000000-7f394c021000 rw-p 00000000 00:00 0 
7f394c021000-7f3950000000 ---p 00000000 00:00 0 
7f39500b8000-7f39500ba000 r--s 00001000 fc:01 3109319                    /usr/lib/jvm/java-8-openjdk-amd64/jre/lib/ext/dnsns.jar
7f39500ba000-7f39500bc000 r--s 00008000 fc:01 3109324                    /usr/lib/jvm/java-8-openjdk-amd64/jre/lib/ext/sunec.jar
7f39500bc000-7f39500c1000 r--s 0003c000 fc:01 3109325                    /usr/lib/jvm/java-8-openjdk-amd64/jre/lib/ext/sunjce_provider.jar
7f39500c1000-7f39500dc000 r--s 001d6000 fc:01 3109323                    /usr/lib/jvm/java-8-openjdk-amd64/jre/lib/ext/nashorn.jar
7f39500dc000-7f39500f7000 r--s 00394000 fc:01 3109318                    /usr/lib/jvm/java-8-openjdk-amd64/jre/lib/ext/cldrdata.jar
7f39500f7000-7f3950128000 r--p 00000000 fc:01 7809                       /usr/lib/locale/C.UTF-8/LC_CTYPE
7f3950128000-7f39502c3000 r--p 00000000 fc:01 7803                       /usr/lib/locale/locale-archive
7f39502c3000-7f39502c6000 ---p 00000000 00:00 0 
7f39502c6000-7f39503c4000 rw-p 00000000 00:00 0 
7f39503c4000-7f39503c7000 ---p 00000000 00:00 0 
7f39503c7000-7f39504c5000 rw-p 00000000 00:00 0 
7f39504c5000-7f39504c6000 ---p 00000000 00:00 0 
7f39504c6000-7f3950e31000 rw-p 00000000 00:00 0 
7f3950e31000-7f3951000000 r--s 03c3b000 fc:01 3109347                    /usr/lib/jvm/java-8-openjdk-amd64/jre/lib/rt.jar
7f3951000000-7f3951270000 rwxp 00000000 00:00 0 
7f3951270000-7f3960000000 ---p 00000000 00:00 0 
7f3960000000-7f396013b000 rw-p 00000000 00:00 0 
7f396013b000-7f3964000000 ---p 00000000 00:00 0 
7f3964001000-7f3964002000 r--s 00010000 fc:01 3109327                    /usr/lib/jvm/java-8-openjdk-amd64/jre/lib/ext/zipfs.jar
7f3964002000-7f396400c000 r--s 00116000 fc:01 3109322                    /usr/lib/jvm/java-8-openjdk-amd64/jre/lib/ext/localedata.jar
7f396400c000-7f396400d000 r--s 0000a000 fc:01 3109321                    /usr/lib/jvm/java-8-openjdk-amd64/jre/lib/ext/jaccess.jar
7f396400d000-7f396400f000 r--s 00007000 fc:01 79404                      /usr/share/java/java-atk-wrapper.jar
7f396400f000-7f3964012000 r--s 00039000 fc:01 3109326                    /usr/lib/jvm/java-8-openjdk-amd64/jre/lib/ext/sunpkcs11.jar
7f3964012000-7f3964015000 r--s 0000f000 fc:01 3109320                    /usr/lib/jvm/java-8-openjdk-amd64/jre/lib/ext/icedtea-sound.jar
7f3964015000-7f3964016000 r--p 00000000 fc:01 7814                       /usr/lib/locale/C.UTF-8/LC_NUMERIC
7f3964016000-7f3964017000 r--p 00000000 fc:01 7817                       /usr/lib/locale/C.UTF-8/LC_TIME
7f3964017000-7f3964018000 r--p 00000000 fc:01 7812                       /usr/lib/locale/C.UTF-8/LC_MONETARY
7f3964018000-7f3964019000 r--p 00000000 fc:01 7806                       /usr/lib/locale/C.UTF-8/LC_MESSAGES/SYS_LC_MESSAGES
7f3964019000-7f396401a000 r--p 00000000 fc:01 7815                       /usr/lib/locale/C.UTF-8/LC_PAPER
7f396401a000-7f39645d1000 rw-p 00000000 00:00 0 
7f39645d1000-7f3964991000 ---p 00000000 00:00 0 
7f3964991000-7f3964b7f000 rw-p 00000000 00:00 0 
7f3964b7f000-7f3964b80000 ---p 00000000 00:00 0 
7f3964b80000-7f3964c80000 rw-p 00000000 00:00 0 
7f3964c80000-7f3964c81000 ---p 00000000 00:00 0 
7f3964c81000-7f3964d98000 rw-p 00000000 00:00 0 
7f3964d98000-7f3964ecb000 ---p 00000000 00:00 0 
7f3964ecb000-7f3964ee2000 rw-p 00000000 00:00 0 
7f3964ee2000-7f3965014000 ---p 00000000 00:00 0 
7f3965014000-7f3965027000 rw-p 00000000 00:00 0 
7f3965027000-7f39650b9000 ---p 00000000 00:00 0 
7f39650b9000-7f39650c4000 rw-p 00000000 00:00 0 
7f39650c4000-7f396547a000 ---p 00000000 00:00 0 
7f396547a000-7f3965482000 r-xp 00000000 fc:01 3109304                    /usr/lib/jvm/java-8-openjdk-amd64/jre/lib/amd64/libzip.so
7f3965482000-7f3965681000 ---p 00008000 fc:01 3109304                    /usr/lib/jvm/java-8-openjdk-amd64/jre/lib/amd64/libzip.so
7f3965681000-7f3965682000 r--p 00007000 fc:01 3109304                    /usr/lib/jvm/java-8-openjdk-amd64/jre/lib/amd64/libzip.so
7f3965682000-7f3965683000 rw-p 00008000 fc:01 3109304                    /usr/lib/jvm/java-8-openjdk-amd64/jre/lib/amd64/libzip.so
7f3965683000-7f396568e000 r-xp 00000000 fc:01 2095                       /lib/x86_64-linux-gnu/libnss_files-2.27.so
7f396568e000-7f396588d000 ---p 0000b000 fc:01 2095                       /lib/x86_64-linux-gnu/libnss_files-2.27.so
7f396588d000-7f396588e000 r--p 0000a000 fc:01 2095                       /lib/x86_64-linux-gnu/libnss_files-2.27.so
7f396588e000-7f396588f000 rw-p 0000b000 fc:01 2095                       /lib/x86_64-linux-gnu/libnss_files-2.27.so
7f396588f000-7f3965895000 rw-p 00000000 00:00 0 
7f3965895000-7f39658ac000 r-xp 00000000 fc:01 2092                       /lib/x86_64-linux-gnu/libnsl-2.27.so
7f39658ac000-7f3965aab000 ---p 00017000 fc:01 2092                       /lib/x86_64-linux-gnu/libnsl-2.27.so
7f3965aab000-7f3965aac000 r--p 00016000 fc:01 2092                       /lib/x86_64-linux-gnu/libnsl-2.27.so
7f3965aac000-7f3965aad000 rw-p 00017000 fc:01 2092                       /lib/x86_64-linux-gnu/libnsl-2.27.so
7f3965aad000-7f3965aaf000 rw-p 00000000 00:00 0 
7f3965aaf000-7f3965aba000 r-xp 00000000 fc:01 2097                       /lib/x86_64-linux-gnu/libnss_nis-2.27.so
7f3965aba000-7f3965cb9000 ---p 0000b000 fc:01 2097                       /lib/x86_64-linux-gnu/libnss_nis-2.27.so
7f3965cb9000-7f3965cba000 r--p 0000a000 fc:01 2097                       /lib/x86_64-linux-gnu/libnss_nis-2.27.so
7f3965cba000-7f3965cbb000 rw-p 0000b000 fc:01 2097                       /lib/x86_64-linux-gnu/libnss_nis-2.27.so
7f3965cbb000-7f3965cc3000 r-xp 00000000 fc:01 2093                       /lib/x86_64-linux-gnu/libnss_compat-2.27.so
7f3965cc3000-7f3965ec3000 ---p 00008000 fc:01 2093                       /lib/x86_64-linux-gnu/libnss_compat-2.27.so
7f3965ec3000-7f3965ec4000 r--p 00008000 fc:01 2093                       /lib/x86_64-linux-gnu/libnss_compat-2.27.so
7f3965ec4000-7f3965ec5000 rw-p 00009000 fc:01 2093                       /lib/x86_64-linux-gnu/libnss_compat-2.27.so
7f3965ec5000-7f3965ef1000 r-xp 00000000 fc:01 3109285                    /usr/lib/jvm/java-8-openjdk-amd64/jre/lib/amd64/libjava.so
7f3965ef1000-7f39660f0000 ---p 0002c000 fc:01 3109285                    /usr/lib/jvm/java-8-openjdk-amd64/jre/lib/amd64/libjava.so
7f39660f0000-7f39660f1000 r--p 0002b000 fc:01 3109285                    /usr/lib/jvm/java-8-openjdk-amd64/jre/lib/amd64/libjava.so
7f39660f1000-7f39660f3000 rw-p 0002c000 fc:01 3109285                    /usr/lib/jvm/java-8-openjdk-amd64/jre/lib/amd64/libjava.so
7f39660f3000-7f3966103000 r-xp 00000000 fc:01 3109303                    /usr/lib/jvm/java-8-openjdk-amd64/jre/lib/amd64/libverify.so
7f3966103000-7f3966302000 ---p 00010000 fc:01 3109303                    /usr/lib/jvm/java-8-openjdk-amd64/jre/lib/amd64/libverify.so
7f3966302000-7f3966304000 r--p 0000f000 fc:01 3109303                    /usr/lib/jvm/java-8-openjdk-amd64/jre/lib/amd64/libverify.so
7f3966304000-7f3966305000 rw-p 00011000 fc:01 3109303                    /usr/lib/jvm/java-8-openjdk-amd64/jre/lib/amd64/libverify.so
7f3966305000-7f396630c000 r-xp 00000000 fc:01 2181                       /lib/x86_64-linux-gnu/librt-2.27.so
7f396630c000-7f396650b000 ---p 00007000 fc:01 2181                       /lib/x86_64-linux-gnu/librt-2.27.so
7f396650b000-7f396650c000 r--p 00006000 fc:01 2181                       /lib/x86_64-linux-gnu/librt-2.27.so
7f396650c000-7f396650d000 rw-p 00007000 fc:01 2181                       /lib/x86_64-linux-gnu/librt-2.27.so
7f396650d000-7f3966524000 r-xp 00000000 fc:01 2098                       /lib/x86_64-linux-gnu/libgcc_s.so.1
7f3966524000-7f3966723000 ---p 00017000 fc:01 2098                       /lib/x86_64-linux-gnu/libgcc_s.so.1
7f3966723000-7f3966724000 r--p 00016000 fc:01 2098                       /lib/x86_64-linux-gnu/libgcc_s.so.1
7f3966724000-7f3966725000 rw-p 00017000 fc:01 2098                       /lib/x86_64-linux-gnu/libgcc_s.so.1
7f3966725000-7f39668c2000 r-xp 00000000 fc:01 2089                       /lib/x86_64-linux-gnu/libm-2.27.so
7f39668c2000-7f3966ac1000 ---p 0019d000 fc:01 2089                       /lib/x86_64-linux-gnu/libm-2.27.so
7f3966ac1000-7f3966ac2000 r--p 0019c000 fc:01 2089                       /lib/x86_64-linux-gnu/libm-2.27.so
7f3966ac2000-7f3966ac3000 rw-p 0019d000 fc:01 2089                       /lib/x86_64-linux-gnu/libm-2.27.so
7f3966ac3000-7f3966c3c000 r-xp 00000000 fc:01 5026                       /usr/lib/x86_64-linux-gnu/libstdc++.so.6.0.25
7f3966c3c000-7f3966e3c000 ---p 00179000 fc:01 5026                       /usr/lib/x86_64-linux-gnu/libstdc++.so.6.0.25
7f3966e3c000-7f3966e46000 r--p 00179000 fc:01 5026                       /usr/lib/x86_64-linux-gnu/libstdc++.so.6.0.25
7f3966e46000-7f3966e48000 rw-p 00183000 fc:01 5026                       /usr/lib/x86_64-linux-gnu/libstdc++.so.6.0.25
7f3966e48000-7f3966e4c000 rw-p 00000000 00:00 0 
7f3966e4c000-7f3967ae9000 r-xp 00000000 fc:01 3109307                    /usr/lib/jvm/java-8-openjdk-amd64/jre/lib/amd64/server/libjvm.so
7f3967ae9000-7f3967ce8000 ---p 00c9d000 fc:01 3109307                    /usr/lib/jvm/java-8-openjdk-amd64/jre/lib/amd64/server/libjvm.so
7f3967ce8000-7f3967d7c000 r--p 00c9c000 fc:01 3109307                    /usr/lib/jvm/java-8-openjdk-amd64/jre/lib/amd64/server/libjvm.so
7f3967d7c000-7f3967da5000 rw-p 00d30000 fc:01 3109307                    /usr/lib/jvm/java-8-openjdk-amd64/jre/lib/amd64/server/libjvm.so
7f3967da5000-7f3967dd5000 rw-p 00000000 00:00 0 
7f3967dd5000-7f3967def000 r-xp 00000000 fc:01 2179                       /lib/x86_64-linux-gnu/libpthread-2.27.so
7f3967def000-7f3967fee000 ---p 0001a000 fc:01 2179                       /lib/x86_64-linux-gnu/libpthread-2.27.so
7f3967fee000-7f3967fef000 r--p 00019000 fc:01 2179                       /lib/x86_64-linux-gnu/libpthread-2.27.so
7f3967fef000-7f3967ff0000 rw-p 0001a000 fc:01 2179                       /lib/x86_64-linux-gnu/libpthread-2.27.so
7f3967ff0000-7f3967ff4000 rw-p 00000000 00:00 0 
7f3967ff4000-7f3967ff7000 r-xp 00000000 fc:01 2088                       /lib/x86_64-linux-gnu/libdl-2.27.so
7f3967ff7000-7f39681f6000 ---p 00003000 fc:01 2088                       /lib/x86_64-linux-gnu/libdl-2.27.so
7f39681f6000-7f39681f7000 r--p 00002000 fc:01 2088                       /lib/x86_64-linux-gnu/libdl-2.27.so
7f39681f7000-7f39681f8000 rw-p 00003000 fc:01 2088                       /lib/x86_64-linux-gnu/libdl-2.27.so
7f39681f8000-7f3968214000 r-xp 00000000 fc:01 2184                       /lib/x86_64-linux-gnu/libz.so.1.2.11
7f3968214000-7f3968413000 ---p 0001c000 fc:01 2184                       /lib/x86_64-linux-gnu/libz.so.1.2.11
7f3968413000-7f3968414000 r--p 0001b000 fc:01 2184                       /lib/x86_64-linux-gnu/libz.so.1.2.11
7f3968414000-7f3968415000 rw-p 0001c000 fc:01 2184                       /lib/x86_64-linux-gnu/libz.so.1.2.11
7f3968415000-7f39685fc000 r-xp 00000000 fc:01 2085                       /lib/x86_64-linux-gnu/libc-2.27.so
7f39685fc000-7f39687fc000 ---p 001e7000 fc:01 2085                       /lib/x86_64-linux-gnu/libc-2.27.so
7f39687fc000-7f3968800000 r--p 001e7000 fc:01 2085                       /lib/x86_64-linux-gnu/libc-2.27.so
7f3968800000-7f3968802000 rw-p 001eb000 fc:01 2085                       /lib/x86_64-linux-gnu/libc-2.27.so
7f3968802000-7f3968806000 rw-p 00000000 00:00 0 
7f3968806000-7f3968814000 r-xp 00000000 fc:01 3109271                    /usr/lib/jvm/java-8-openjdk-amd64/jre/lib/amd64/jli/libjli.so
7f3968814000-7f3968a13000 ---p 0000e000 fc:01 3109271                    /usr/lib/jvm/java-8-openjdk-amd64/jre/lib/amd64/jli/libjli.so
7f3968a13000-7f3968a14000 r--p 0000d000 fc:01 3109271                    /usr/lib/jvm/java-8-openjdk-amd64/jre/lib/amd64/jli/libjli.so
7f3968a14000-7f3968a15000 rw-p 0000e000 fc:01 3109271                    /usr/lib/jvm/java-8-openjdk-amd64/jre/lib/amd64/jli/libjli.so
7f3968a15000-7f3968a3c000 r-xp 00000000 fc:01 2081                       /lib/x86_64-linux-gnu/ld-2.27.so
7f3968a3c000-7f3968a3d000 r--p 00000000 fc:01 7813                       /usr/lib/locale/C.UTF-8/LC_NAME
7f3968a3d000-7f3968a3e000 r--p 00000000 fc:01 7807                       /usr/lib/locale/C.UTF-8/LC_ADDRESS
7f3968a3e000-7f3968b23000 rw-p 00000000 00:00 0 
7f3968b23000-7f3968b24000 ---p 00000000 00:00 0 
7f3968b24000-7f3968b27000 ---p 00000000 00:00 0 
7f3968b27000-7f3968c26000 rw-p 00000000 00:00 0 
7f3968c26000-7f3968c27000 r--p 00000000 fc:01 7816                       /usr/lib/locale/C.UTF-8/LC_TELEPHONE
7f3968c27000-7f3968c28000 r--p 00000000 fc:01 7811                       /usr/lib/locale/C.UTF-8/LC_MEASUREMENT
7f3968c28000-7f3968c2f000 r--s 00000000 fc:01 5019                       /usr/lib/x86_64-linux-gnu/gconv/gconv-modules.cache
7f3968c2f000-7f3968c30000 r--p 00000000 fc:01 7810                       /usr/lib/locale/C.UTF-8/LC_IDENTIFICATION
7f3968c30000-7f3968c38000 rw-s 00000000 fc:01 1044348                    /tmp/hsperfdata_root/21120
7f3968c38000-7f3968c39000 rw-p 00000000 00:00 0 
7f3968c39000-7f3968c3a000 ---p 00000000 00:00 0 
7f3968c3a000-7f3968c3c000 rw-p 00000000 00:00 0 
7f3968c3c000-7f3968c3d000 r--p 00027000 fc:01 2081                       /lib/x86_64-linux-gnu/ld-2.27.so
7f3968c3d000-7f3968c3e000 rw-p 00028000 fc:01 2081                       /lib/x86_64-linux-gnu/ld-2.27.so
7f3968c3e000-7f3968c3f000 rw-p 00000000 00:00 0 
7ffcf8f2e000-7ffcf8f4f000 rw-p 00000000 00:00 0                          [stack]
7ffcf8fba000-7ffcf8fbd000 r--p 00000000 00:00 0                          [vvar]
7ffcf8fbd000-7ffcf8fbf000 r-xp 00000000 00:00 0                          [vdso]
ffffffffff600000-ffffffffff601000 r-xp 00000000 00:00 0                  [vsyscall]

VM Arguments:
jvm_args: -Dfile.encoding=UTF-8 
java_command: CircleApp
java_class_path (initial): /root/eclipse-workspace/MyProject/bin
Launcher Type: SUN_STANDARD

Environment Variables:
PATH=/usr/local/sbin:/usr/local/bin:/usr/sbin:/usr/bin:/sbin:/bin
SHELL=/bin/sh
DISPLAY=:20.0

Signal Handlers:
SIGSEGV: [libjvm.so+0xab5000], sa_mask[0]=11111111011111111101111111111110, sa_flags=SA_RESTART|SA_SIGINFO
SIGBUS: [libjvm.so+0xab5000], sa_mask[0]=11111111011111111101111111111110, sa_flags=SA_RESTART|SA_SIGINFO
SIGFPE: [libjvm.so+0x8ea970], sa_mask[0]=11111111011111111101111111111110, sa_flags=SA_RESTART|SA_SIGINFO
SIGPIPE: [libjvm.so+0x8ea970], sa_mask[0]=11111111011111111101111111111110, sa_flags=SA_RESTART|SA_SIGINFO
SIGXFSZ: [libjvm.so+0x8ea970], sa_mask[0]=11111111011111111101111111111110, sa_flags=SA_RESTART|SA_SIGINFO
SIGILL: [libjvm.so+0x8ea970], sa_mask[0]=11111111011111111101111111111110, sa_flags=SA_RESTART|SA_SIGINFO
SIGUSR1: SIG_DFL, sa_mask[0]=00000000000000000000000000000000, sa_flags=none
SIGUSR2: [libjvm.so+0x8ea820], sa_mask[0]=00100000000000000000000000000000, sa_flags=SA_RESTART|SA_SIGINFO
SIGHUP: [libjvm.so+0x8eae90], sa_mask[0]=11111111011111111101111111111110, sa_flags=SA_RESTART|SA_SIGINFO
SIGINT: [libjvm.so+0x8eae90], sa_mask[0]=11111111011111111101111111111110, sa_flags=SA_RESTART|SA_SIGINFO
SIGTERM: [libjvm.so+0x8eae90], sa_mask[0]=11111111011111111101111111111110, sa_flags=SA_RESTART|SA_SIGINFO
SIGQUIT: [libjvm.so+0x8eae90], sa_mask[0]=11111111011111111101111111111110, sa_flags=SA_RESTART|SA_SIGINFO


---------------  S Y S T E M  ---------------

OS:DISTRIB_ID=Ubuntu
DISTRIB_RELEASE=18.04
DISTRIB_CODENAME=bionic
DISTRIB_DESCRIPTION="Ubuntu 18.04.2 LTS"

uname:Linux 4.15.0-52-generic #56-Ubuntu SMP Tue Jun 4 22:49:08 UTC 2019 x86_64
libc:glibc 2.27 NPTL 2.27 
rlimit: STACK 8192k, CORE 0k, NPROC 15680, NOFILE 4096, AS infinity
load average:4.55 1.30 0.55

/proc/meminfo:
MemTotal:        4039568 kB
MemFree:           84460 kB
MemAvailable:          0 kB
Buffers:             296 kB
Cached:            28344 kB
SwapCached:            0 kB
Active:          3763356 kB
Inactive:          23952 kB
Active(anon):    3760040 kB
Inactive(anon):    20080 kB
Active(file):       3316 kB
Inactive(file):     3872 kB
Unevictable:          32 kB
Mlocked:              32 kB
SwapTotal:             0 kB
SwapFree:              0 kB
Dirty:                 4 kB
Writeback:             4 kB
AnonPages:       3758940 kB
Mapped:            19452 kB
Shmem:             21212 kB
Slab:              90708 kB
SReclaimable:      36760 kB
SUnreclaim:        53948 kB
KernelStack:        8512 kB
PageTables:        37144 kB
NFS_Unstable:          0 kB
Bounce:                0 kB
WritebackTmp:          0 kB
CommitLimit:     2019784 kB
Committed_AS:    7121828 kB
VmallocTotal:   34359738367 kB
VmallocUsed:           0 kB
VmallocChunk:          0 kB
HardwareCorrupted:     0 kB
AnonHugePages:         0 kB
ShmemHugePages:        0 kB
ShmemPmdMapped:        0 kB
CmaTotal:              0 kB
CmaFree:               0 kB
HugePages_Total:       0
HugePages_Free:        0
HugePages_Rsvd:        0
HugePages_Surp:        0
Hugepagesize:       2048 kB
DirectMap4k:      157676 kB
DirectMap2M:     4036608 kB
DirectMap1G:           0 kB

container (cgroup) information:
container_type: cgroupv1
cpu_cpuset_cpus: 0-1
cpu_memory_nodes: 0
active_processor_count: 2
cpu_quota: -1
cpu_period: 100000
cpu_shares: -1
memory_limit_in_bytes: -1
memory_and_swap_limit_in_bytes: -2
memory_soft_limit_in_bytes: -1
memory_usage_in_bytes: 3604189184
memory_max_usage_in_bytes: 3608014848


CPU:total 2 (initial active 2) (1 cores per cpu, 1 threads per core) family 6 model 85 stepping 4, cmov, cx8, fxsr, mmx, sse, sse2, sse3, ssse3, sse4.1, sse4.2, popcnt, avx, avx2, aes, clmul, erms, rtm, 3dnowpref, lzcnt, tsc, bmi1, bmi2, adx

/proc/cpuinfo:
processor	: 0
vendor_id	: GenuineIntel
cpu family	: 6
model		: 85
model name	: Intel(R) Xeon(R) Gold 6140 CPU @ 2.30GHz
stepping	: 4
microcode	: 0x1
cpu MHz		: 2294.608
cache size	: 25344 KB
physical id	: 0
siblings	: 1
core id		: 0
cpu cores	: 1
apicid		: 0
initial apicid	: 0
fpu		: yes
fpu_exception	: yes
cpuid level	: 13
wp		: yes
flags		: fpu vme de pse tsc msr pae mce cx8 apic sep mtrr pge mca cmov pat pse36 clflush mmx fxsr sse sse2 ss syscall nx pdpe1gb rdtscp lm constant_tsc arch_perfmon rep_good nopl cpuid tsc_known_freq pni pclmulqdq vmx ssse3 fma cx16 pcid sse4_1 sse4_2 x2apic movbe popcnt tsc_deadline_timer aes xsave avx f16c rdrand hypervisor lahf_lm abm 3dnowprefetch cpuid_fault invpcid_single pti ssbd ibrs ibpb tpr_shadow vnmi flexpriority ept vpid fsgsbase tsc_adjust bmi1 hle avx2 smep bmi2 erms invpcid rtm mpx avx512f avx512dq rdseed adx smap clflushopt clwb avx512cd avx512bw avx512vl xsaveopt xsavec xgetbv1 xsaves pku ospke md_clear
bugs		: cpu_meltdown spectre_v1 spectre_v2 spec_store_bypass l1tf mds
bogomips	: 4589.21
clflush size	: 64
cache_alignment	: 64
address sizes	: 40 bits physical, 48 bits virtual
power management:

processor	: 1
vendor_id	: GenuineIntel
cpu family	: 6
model		: 85
model name	: Intel(R) Xeon(R) Gold 6140 CPU @ 2.30GHz
stepping	: 4
microcode	: 0x1
cpu MHz		: 2294.608
cache size	: 25344 KB
physical id	: 1
siblings	: 1
core id		: 0
cpu cores	: 1
apicid		: 1
initial apicid	: 1
fpu		: yes
fpu_exception	: yes
cpuid level	: 13
wp		: yes
flags		: fpu vme de pse tsc msr pae mce cx8 apic sep mtrr pge mca cmov pat pse36 clflush mmx fxsr sse sse2 ss syscall nx pdpe1gb rdtscp lm constant_tsc arch_perfmon rep_good nopl cpuid tsc_known_freq pni pclmulqdq vmx ssse3 fma cx16 pcid sse4_1 sse4_2 x2apic movbe popcnt tsc_deadline_timer aes xsave avx f16c rdrand hypervisor lahf_lm abm 3dnowprefetch cpuid_fault invpcid_single pti ssbd ibrs ibpb tpr_shadow vnmi flexpriority ept vpid fsgsbase tsc_adjust bmi1 hle avx2 smep bmi2 erms invpcid rtm mpx avx512f avx512dq rdseed adx smap clflushopt clwb avx512cd avx512bw avx512vl xsaveopt xsavec xgetbv1 xsaves pku ospke md_clear
bugs		: cpu_meltdown spectre_v1 spectre_v2 spec_store_bypass l1tf mds
bogomips	: 4589.21
clflush size	: 64
cache_alignment	: 64
address sizes	: 40 bits physical, 48 bits virtual
power management:



Memory: 4k page, physical 4039568k(86004k free), swap 0k(0k free)

vm_info: OpenJDK 64-Bit Server VM (25.212-b03) for linux-amd64 JRE (1.8.0_212-8u212-b03-0ubuntu1.18.04.1-b03), built on Apr 26 2019 01:04:36 by "buildd" with gcc 7.3.0

time: Wed Jul 10 12:08:20 2019
timezone: UTC
elapsed time: 2 seconds (0d 0h 0m 2s)

